2024.05.07 23:36:24 INFO  Started: Metals version 1.3.0 in folders '/Users/shay23bra/memphisdev/superstream/apache-kafka-java-sdk' for client Visual Studio Code 1.89.0.
SLF4J: Class path contains multiple SLF4J providers.
SLF4J: Found provider [scribe.slf4j.ScribeServiceProvider@3c6d91d8]
SLF4J: Found provider [ch.qos.logback.classic.spi.LogbackServiceProvider@66868579]
SLF4J: See https://www.slf4j.org/codes.html#multiple_bindings for an explanation.
SLF4J: Actual provider is of type [scribe.slf4j.ScribeServiceProvider@3c6d91d8]
2024.05.07 23:36:24 WARN  Flyway upgrade recommended: H2 2.2.224 is newer than this version of Flyway and support has not been tested. The latest supported version of H2 is 2.2.220.
2024.05.07 23:36:35 INFO  no build target found for /Users/shay23bra/memphisdev/superstream/apache-kafka-java-sdk/core/src/main/scala/kafka/server/DynamicBrokerConfig.scala. Using presentation compiler with project's scala-library version: 3.3.3
May 07, 2024 11:36:36 PM org.eclipse.lsp4j.jsonrpc.RemoteEndpoint handleCancellation
WARNING: Unmatched cancel notification for request id 13
2024.05.07 23:36:36 WARN  no build target for: /Users/shay23bra/memphisdev/superstream/apache-kafka-java-sdk/core/src/main/scala/kafka/server/DynamicBrokerConfig.scala
May 07, 2024 11:36:36 PM org.eclipse.lsp4j.jsonrpc.RemoteEndpoint handleCancellation
WARNING: Unmatched cancel notification for request id 32
2024.05.07 23:36:38 WARN  no build target for: /Users/shay23bra/memphisdev/superstream/apache-kafka-java-sdk/core/src/main/scala/kafka/server/DynamicBrokerConfig.scala
2024.05.07 23:36:40 WARN  no build target for: /Users/shay23bra/memphisdev/superstream/apache-kafka-java-sdk/core/src/main/scala/kafka/server/DynamicBrokerConfig.scala
2024.05.07 23:36:42 WARN  no build target for: /Users/shay23bra/memphisdev/superstream/apache-kafka-java-sdk/core/src/main/scala/kafka/server/DynamicBrokerConfig.scala
2024.05.07 23:36:44 WARN  no build target for: /Users/shay23bra/memphisdev/superstream/apache-kafka-java-sdk/core/src/main/scala/kafka/server/DynamicBrokerConfig.scala
May 07, 2024 11:36:46 PM org.eclipse.lsp4j.jsonrpc.RemoteEndpoint handleCancellation
WARNING: Unmatched cancel notification for request id 69
May 07, 2024 11:37:06 PM scala.meta.internal.pc.CompilerAccess handleError
SEVERE: A severe compiler error occurred, full details of the error can be found in the error report /Users/shay23bra/memphisdev/superstream/apache-kafka-java-sdk/.metals/.reports/metals-full/2024-05-07/r_compiler-error_23-37-06-063.md
May 07, 2024 11:37:06 PM scala.meta.internal.pc.CompilerAccess handleError
SEVERE: A severe compiler error occurred, full details of the error can be found in the error report /Users/shay23bra/memphisdev/superstream/apache-kafka-java-sdk/.metals/.reports/metals-full/2024-05-07/r_compiler-error_23-37-06-266.md
May 07, 2024 11:37:07 PM scala.meta.internal.pc.CompilerAccess handleError
SEVERE: A severe compiler error occurred, full details of the error can be found in the error report /Users/shay23bra/memphisdev/superstream/apache-kafka-java-sdk/.metals/.reports/metals-full/2024-05-07/r_compiler-error_23-37-07-106.md
May 07, 2024 11:37:10 PM scala.meta.internal.pc.CompilerAccess handleError
SEVERE: A severe compiler error occurred, full details of the error can be found in the error report /Users/shay23bra/memphisdev/superstream/apache-kafka-java-sdk/.metals/.reports/metals-full/2024-05-07/r_compiler-error_23-37-10-019.md
May 07, 2024 11:37:11 PM scala.meta.internal.pc.CompilerAccess handleError
SEVERE: A severe compiler error occurred, full details of the error can be found in the error report /Users/shay23bra/memphisdev/superstream/apache-kafka-java-sdk/.metals/.reports/metals-full/2024-05-07/r_compiler-error_23-37-11-757.md
May 07, 2024 11:37:11 PM scala.meta.internal.pc.CompilerAccess handleError
SEVERE: A severe compiler error occurred, full details of the error can be found in the error report /Users/shay23bra/memphisdev/superstream/apache-kafka-java-sdk/.metals/.reports/metals-full/2024-05-07/r_compiler-error_23-37-11-902.md
May 07, 2024 11:37:12 PM scala.meta.internal.pc.CompilerAccess handleError
SEVERE: A severe compiler error occurred, full details of the error can be found in the error report /Users/shay23bra/memphisdev/superstream/apache-kafka-java-sdk/.metals/.reports/metals-full/2024-05-07/r_compiler-error_23-37-12-520.md
2024.05.07 23:37:13 WARN  no build target for: /Users/shay23bra/memphisdev/superstream/apache-kafka-java-sdk/tools/src/main/java/org/apache/kafka/tools/OAuthCompatibilityTool.java
May 07, 2024 11:37:13 PM scala.meta.internal.pc.CompilerAccess handleError
SEVERE: A severe compiler error occurred, full details of the error can be found in the error report /Users/shay23bra/memphisdev/superstream/apache-kafka-java-sdk/.metals/.reports/metals-full/2024-05-07/r_compiler-error_23-37-13-149.md
May 07, 2024 11:37:19 PM scala.meta.internal.pc.CompilerAccess handleError
SEVERE: A severe compiler error occurred, full details of the error can be found in the error report /Users/shay23bra/memphisdev/superstream/apache-kafka-java-sdk/.metals/.reports/metals-full/2024-05-07/r_compiler-error_23-37-19-603.md
May 07, 2024 11:37:20 PM scala.meta.internal.pc.CompilerAccess handleError
SEVERE: A severe compiler error occurred, full details of the error can be found in the error report /Users/shay23bra/memphisdev/superstream/apache-kafka-java-sdk/.metals/.reports/metals-full/2024-05-07/r_compiler-error_23-37-20-085.md
May 07, 2024 11:37:20 PM scala.meta.internal.pc.CompilerAccess handleError
SEVERE: A severe compiler error occurred, full details of the error can be found in the error report /Users/shay23bra/memphisdev/superstream/apache-kafka-java-sdk/.metals/.reports/metals-full/2024-05-07/r_compiler-error_23-37-20-470.md
2024.05.07 23:37:20 WARN  no build target for: /Users/shay23bra/memphisdev/superstream/apache-kafka-java-sdk/tools/src/main/java/org/apache/kafka/tools/OAuthCompatibilityTool.java
May 07, 2024 11:37:20 PM scala.meta.internal.pc.CompilerAccess handleError
SEVERE: A severe compiler error occurred, full details of the error can be found in the error report /Users/shay23bra/memphisdev/superstream/apache-kafka-java-sdk/.metals/.reports/metals-full/2024-05-07/r_compiler-error_23-37-20-826.md
May 07, 2024 11:37:21 PM scala.meta.internal.pc.CompilerAccess handleError
SEVERE: A severe compiler error occurred, full details of the error can be found in the error report /Users/shay23bra/memphisdev/superstream/apache-kafka-java-sdk/.metals/.reports/metals-full/2024-05-07/r_compiler-error_23-37-21-894.md
2024.05.07 23:37:21 WARN  no build target for: /Users/shay23bra/memphisdev/superstream/apache-kafka-java-sdk/tools/src/main/java/org/apache/kafka/tools/OAuthCompatibilityTool.java
May 07, 2024 11:37:21 PM scala.meta.internal.pc.CompilerAccess handleError
SEVERE: A severe compiler error occurred, full details of the error can be found in the error report /Users/shay23bra/memphisdev/superstream/apache-kafka-java-sdk/.metals/.reports/metals-full/2024-05-07/r_compiler-error_23-37-21-987.md
